    OpenRGB v0.9+ (1.0rc1)
    Commit: 1fbacdea373361ecd2e0780c1db15cc3eb9aa538 from 2025-02-22 11:06:06 -0600
    Launched: 20250518_104721
====================================================================================================

69    |Info:    [ResourceManager] Saving detector settings
79    |Info:    [ResourceManager] Initializing HID interfaces: Success
79    |Info:    ------------------------------------------------------
79    |Info:    |               Start device detection               |
79    |Info:    ------------------------------------------------------
81    |Info:    ------------------------------------------------------
81    |Info:    |             Detecting I2C interfaces               |
81    |Info:    ------------------------------------------------------
81    |Info:    ------------------------------------------------------
81    |Info:    |               Detecting I2C devices                |
81    |Info:    ------------------------------------------------------
82    |Info:    ------------------------------------------------------
82    |Info:    |            Detecting I2C DIMM modules              |
82    |Info:    ------------------------------------------------------
82    |Info:    ------------------------------------------------------
82    |Info:    |               Detecting I2C PCI devices            |
82    |Info:    ------------------------------------------------------
83    |Info:    ------------------------------------------------------
83    |Info:    |               Detecting HID devices                |
83    |Info:    ------------------------------------------------------
83    |Info:    ------------------------------------------------------
83    |Info:    |              Detecting other devices               |
83    |Info:    ------------------------------------------------------
86    |Info:    [ResourceManager] Calling Post-detection callbacks
86    |Info:    ------------------------------------------------------
86    |Info:    |                Detection completed                 |
86    |Info:    ------------------------------------------------------
7346  |Info:    [ResourceManager] Initializing HID interfaces: Success
7346  |Info:    ------------------------------------------------------
7346  |Info:    |               Start device detection               |
7346  |Info:    ------------------------------------------------------
7351  |Info:    ------------------------------------------------------
7351  |Info:    |             Detecting I2C interfaces               |
7351  |Info:    ------------------------------------------------------
7351  |Info:    ------------------------------------------------------
7351  |Info:    |               Detecting I2C devices                |
7351  |Info:    ------------------------------------------------------
7351  |Info:    ------------------------------------------------------
7351  |Info:    |            Detecting I2C DIMM modules              |
7351  |Info:    ------------------------------------------------------
7351  |Info:    ------------------------------------------------------
7351  |Info:    |               Detecting I2C PCI devices            |
7351  |Info:    ------------------------------------------------------
7355  |Info:    ------------------------------------------------------
7355  |Info:    |               Detecting HID devices                |
7355  |Info:    ------------------------------------------------------
7355  |Info:    ------------------------------------------------------
7355  |Info:    |              Detecting other devices               |
7355  |Info:    ------------------------------------------------------
7355  |Info:    [ResourceManager] Calling Post-detection callbacks
7355  |Info:    ------------------------------------------------------
7355  |Info:    |                Detection completed                 |
7355  |Info:    ------------------------------------------------------
7914  |Info:    [ResourceManager] Initializing HID interfaces: Success
7914  |Info:    ------------------------------------------------------
7914  |Info:    |               Start device detection               |
7914  |Info:    ------------------------------------------------------
7919  |Info:    ------------------------------------------------------
7919  |Info:    |             Detecting I2C interfaces               |
7919  |Info:    ------------------------------------------------------
7919  |Info:    ------------------------------------------------------
7919  |Info:    |               Detecting I2C devices                |
7919  |Info:    ------------------------------------------------------
7920  |Info:    ------------------------------------------------------
7920  |Info:    |            Detecting I2C DIMM modules              |
7920  |Info:    ------------------------------------------------------
7920  |Info:    ------------------------------------------------------
7920  |Info:    |               Detecting I2C PCI devices            |
7920  |Info:    ------------------------------------------------------
7923  |Info:    ------------------------------------------------------
7923  |Info:    |               Detecting HID devices                |
7923  |Info:    ------------------------------------------------------
7924  |Info:    ------------------------------------------------------
7924  |Info:    |              Detecting other devices               |
7924  |Info:    ------------------------------------------------------
7924  |Info:    [ResourceManager] Calling Post-detection callbacks
7924  |Info:    ------------------------------------------------------
7924  |Info:    |                Detection completed                 |
7924  |Info:    ------------------------------------------------------
8423  |Info:    [ResourceManager] Initializing HID interfaces: Success
8423  |Info:    ------------------------------------------------------
8423  |Info:    |               Start device detection               |
8423  |Info:    ------------------------------------------------------
8428  |Info:    ------------------------------------------------------
8428  |Info:    |             Detecting I2C interfaces               |
8428  |Info:    ------------------------------------------------------
8428  |Info:    ------------------------------------------------------
8428  |Info:    |               Detecting I2C devices                |
8428  |Info:    ------------------------------------------------------
8428  |Info:    ------------------------------------------------------
8428  |Info:    |            Detecting I2C DIMM modules              |
8428  |Info:    ------------------------------------------------------
8428  |Info:    ------------------------------------------------------
8428  |Info:    |               Detecting I2C PCI devices            |
8428  |Info:    ------------------------------------------------------
8431  |Info:    ------------------------------------------------------
8431  |Info:    |               Detecting HID devices                |
8431  |Info:    ------------------------------------------------------
8431  |Info:    ------------------------------------------------------
8431  |Info:    |              Detecting other devices               |
8431  |Info:    ------------------------------------------------------
8432  |Info:    [ResourceManager] Calling Post-detection callbacks
8432  |Info:    ------------------------------------------------------
8432  |Info:    |                Detection completed                 |
8432  |Info:    ------------------------------------------------------
8780  |Info:    [ResourceManager] Initializing HID interfaces: Success
8780  |Info:    ------------------------------------------------------
8780  |Info:    |               Start device detection               |
8780  |Info:    ------------------------------------------------------
8786  |Info:    ------------------------------------------------------
8786  |Info:    |             Detecting I2C interfaces               |
8786  |Info:    ------------------------------------------------------
8786  |Info:    ------------------------------------------------------
8786  |Info:    |               Detecting I2C devices                |
8786  |Info:    ------------------------------------------------------
8786  |Info:    ------------------------------------------------------
8787  |Info:    |            Detecting I2C DIMM modules              |
8787  |Info:    ------------------------------------------------------
8787  |Info:    ------------------------------------------------------
8787  |Info:    |               Detecting I2C PCI devices            |
8787  |Info:    ------------------------------------------------------
8790  |Info:    ------------------------------------------------------
8790  |Info:    |               Detecting HID devices                |
8790  |Info:    ------------------------------------------------------
8790  |Info:    ------------------------------------------------------
8790  |Info:    |              Detecting other devices               |
8790  |Info:    ------------------------------------------------------
8791  |Info:    [ResourceManager] Calling Post-detection callbacks
8791  |Info:    ------------------------------------------------------
8791  |Info:    |                Detection completed                 |
8791  |Info:    ------------------------------------------------------
10092 |Info:    [ResourceManager] Initializing HID interfaces: Success
10093 |Info:    ------------------------------------------------------
10093 |Info:    |               Start device detection               |
10093 |Info:    ------------------------------------------------------
10098 |Info:    ------------------------------------------------------
10098 |Info:    |             Detecting I2C interfaces               |
10098 |Info:    ------------------------------------------------------
10098 |Info:    ------------------------------------------------------
10098 |Info:    |               Detecting I2C devices                |
10098 |Info:    ------------------------------------------------------
10098 |Info:    ------------------------------------------------------
10098 |Info:    |            Detecting I2C DIMM modules              |
10098 |Info:    ------------------------------------------------------
10098 |Info:    ------------------------------------------------------
10098 |Info:    |               Detecting I2C PCI devices            |
10098 |Info:    ------------------------------------------------------
10102 |Info:    ------------------------------------------------------
10102 |Info:    |               Detecting HID devices                |
10102 |Info:    ------------------------------------------------------
10102 |Info:    ------------------------------------------------------
10102 |Info:    |              Detecting other devices               |
10102 |Info:    ------------------------------------------------------
10102 |Info:    [ResourceManager] Calling Post-detection callbacks
10102 |Info:    ------------------------------------------------------
10102 |Info:    |                Detection completed                 |
10102 |Info:    ------------------------------------------------------
21147 |Info:    [ResourceManager] Initializing HID interfaces: Success
21148 |Info:    ------------------------------------------------------
21148 |Info:    |               Start device detection               |
21148 |Info:    ------------------------------------------------------
21153 |Info:    ------------------------------------------------------
21153 |Info:    |             Detecting I2C interfaces               |
21153 |Info:    ------------------------------------------------------
21153 |Info:    ------------------------------------------------------
21153 |Info:    |               Detecting I2C devices                |
21153 |Info:    ------------------------------------------------------
21154 |Info:    ------------------------------------------------------
21154 |Info:    |            Detecting I2C DIMM modules              |
21154 |Info:    ------------------------------------------------------
21154 |Info:    ------------------------------------------------------
21154 |Info:    |               Detecting I2C PCI devices            |
21154 |Info:    ------------------------------------------------------
21157 |Info:    ------------------------------------------------------
21157 |Info:    |               Detecting HID devices                |
21157 |Info:    ------------------------------------------------------
21157 |Info:    ------------------------------------------------------
21157 |Info:    |              Detecting other devices               |
21157 |Info:    ------------------------------------------------------
21158 |Info:    [ResourceManager] Calling Post-detection callbacks
21158 |Info:    ------------------------------------------------------
21158 |Info:    |                Detection completed                 |
21158 |Info:    ------------------------------------------------------
21998 |Info:    [ResourceManager] Initializing HID interfaces: Success
21998 |Info:    ------------------------------------------------------
21998 |Info:    |               Start device detection               |
21998 |Info:    ------------------------------------------------------
22004 |Info:    ------------------------------------------------------
22004 |Info:    |             Detecting I2C interfaces               |
22004 |Info:    ------------------------------------------------------
22004 |Info:    ------------------------------------------------------
22004 |Info:    |               Detecting I2C devices                |
22004 |Info:    ------------------------------------------------------
22005 |Info:    ------------------------------------------------------
22005 |Info:    |            Detecting I2C DIMM modules              |
22005 |Info:    ------------------------------------------------------
22005 |Info:    ------------------------------------------------------
22005 |Info:    |               Detecting I2C PCI devices            |
22005 |Info:    ------------------------------------------------------
22006 |Info:    ------------------------------------------------------
22006 |Info:    |               Detecting HID devices                |
22006 |Info:    ------------------------------------------------------
22006 |Info:    ------------------------------------------------------
22006 |Info:    |              Detecting other devices               |
22006 |Info:    ------------------------------------------------------
22007 |Info:    [ResourceManager] Calling Post-detection callbacks
22007 |Info:    ------------------------------------------------------
22007 |Info:    |                Detection completed                 |
22007 |Info:    ------------------------------------------------------
22396 |Info:    [ResourceManager] Initializing HID interfaces: Success
22397 |Info:    ------------------------------------------------------
22397 |Info:    |               Start device detection               |
22397 |Info:    ------------------------------------------------------
22401 |Info:    ------------------------------------------------------
22401 |Info:    |             Detecting I2C interfaces               |
22401 |Info:    ------------------------------------------------------
22401 |Info:    ------------------------------------------------------
22401 |Info:    |               Detecting I2C devices                |
22401 |Info:    ------------------------------------------------------
22402 |Info:    ------------------------------------------------------
22402 |Info:    |            Detecting I2C DIMM modules              |
22402 |Info:    ------------------------------------------------------
22402 |Info:    ------------------------------------------------------
22402 |Info:    |               Detecting I2C PCI devices            |
22402 |Info:    ------------------------------------------------------
22406 |Info:    ------------------------------------------------------
22406 |Info:    |               Detecting HID devices                |
22406 |Info:    ------------------------------------------------------
22406 |Info:    ------------------------------------------------------
22406 |Info:    |              Detecting other devices               |
22406 |Info:    ------------------------------------------------------
22406 |Info:    [ResourceManager] Calling Post-detection callbacks
22406 |Info:    ------------------------------------------------------
22406 |Info:    |                Detection completed                 |
22406 |Info:    ------------------------------------------------------
22563 |Info:    [ResourceManager] Initializing HID interfaces: Success
22563 |Info:    ------------------------------------------------------
22563 |Info:    |               Start device detection               |
22563 |Info:    ------------------------------------------------------
22568 |Info:    ------------------------------------------------------
22568 |Info:    |             Detecting I2C interfaces               |
22568 |Info:    ------------------------------------------------------
22568 |Info:    ------------------------------------------------------
22568 |Info:    |               Detecting I2C devices                |
22568 |Info:    ------------------------------------------------------
22568 |Info:    ------------------------------------------------------
22568 |Info:    |            Detecting I2C DIMM modules              |
22568 |Info:    ------------------------------------------------------
22568 |Info:    ------------------------------------------------------
22568 |Info:    |               Detecting I2C PCI devices            |
22568 |Info:    ------------------------------------------------------
22569 |Info:    ------------------------------------------------------
22569 |Info:    |               Detecting HID devices                |
22569 |Info:    ------------------------------------------------------
22569 |Info:    ------------------------------------------------------
22569 |Info:    |              Detecting other devices               |
22569 |Info:    ------------------------------------------------------
22570 |Info:    [ResourceManager] Calling Post-detection callbacks
22570 |Info:    ------------------------------------------------------
22570 |Info:    |                Detection completed                 |
22570 |Info:    ------------------------------------------------------
22719 |Info:    [ResourceManager] Initializing HID interfaces: Success
22719 |Info:    ------------------------------------------------------
22719 |Info:    |               Start device detection               |
22719 |Info:    ------------------------------------------------------
22725 |Info:    ------------------------------------------------------
22725 |Info:    |             Detecting I2C interfaces               |
22725 |Info:    ------------------------------------------------------
22725 |Info:    ------------------------------------------------------
22725 |Info:    |               Detecting I2C devices                |
22725 |Info:    ------------------------------------------------------
22725 |Info:    ------------------------------------------------------
22725 |Info:    |            Detecting I2C DIMM modules              |
22725 |Info:    ------------------------------------------------------
22725 |Info:    ------------------------------------------------------
22725 |Info:    |               Detecting I2C PCI devices            |
22725 |Info:    ------------------------------------------------------
22728 |Info:    ------------------------------------------------------
22728 |Info:    |               Detecting HID devices                |
22728 |Info:    ------------------------------------------------------
22728 |Info:    ------------------------------------------------------
22728 |Info:    |              Detecting other devices               |
22728 |Info:    ------------------------------------------------------
22729 |Info:    [ResourceManager] Calling Post-detection callbacks
22729 |Info:    ------------------------------------------------------
22729 |Info:    |                Detection completed                 |
22729 |Info:    ------------------------------------------------------
22880 |Info:    [ResourceManager] Initializing HID interfaces: Success
22880 |Info:    ------------------------------------------------------
22880 |Info:    |               Start device detection               |
22880 |Info:    ------------------------------------------------------
22886 |Info:    ------------------------------------------------------
22886 |Info:    |             Detecting I2C interfaces               |
22886 |Info:    ------------------------------------------------------
22886 |Info:    ------------------------------------------------------
22886 |Info:    |               Detecting I2C devices                |
22886 |Info:    ------------------------------------------------------
22886 |Info:    ------------------------------------------------------
22886 |Info:    |            Detecting I2C DIMM modules              |
22886 |Info:    ------------------------------------------------------
22886 |Info:    ------------------------------------------------------
22886 |Info:    |               Detecting I2C PCI devices            |
22886 |Info:    ------------------------------------------------------
22889 |Info:    ------------------------------------------------------
22890 |Info:    |               Detecting HID devices                |
22890 |Info:    ------------------------------------------------------
22890 |Info:    ------------------------------------------------------
22890 |Info:    |              Detecting other devices               |
22890 |Info:    ------------------------------------------------------
22890 |Info:    [ResourceManager] Calling Post-detection callbacks
22890 |Info:    ------------------------------------------------------
22890 |Info:    |                Detection completed                 |
22890 |Info:    ------------------------------------------------------
23037 |Info:    [ResourceManager] Initializing HID interfaces: Success
23037 |Info:    ------------------------------------------------------
23037 |Info:    |               Start device detection               |
23037 |Info:    ------------------------------------------------------
23042 |Info:    ------------------------------------------------------
23042 |Info:    |             Detecting I2C interfaces               |
23042 |Info:    ------------------------------------------------------
23042 |Info:    ------------------------------------------------------
23042 |Info:    |               Detecting I2C devices                |
23042 |Info:    ------------------------------------------------------
23042 |Info:    ------------------------------------------------------
23042 |Info:    |            Detecting I2C DIMM modules              |
23042 |Info:    ------------------------------------------------------
23042 |Info:    ------------------------------------------------------
23042 |Info:    |               Detecting I2C PCI devices            |
23042 |Info:    ------------------------------------------------------
23046 |Info:    ------------------------------------------------------
23046 |Info:    |               Detecting HID devices                |
23046 |Info:    ------------------------------------------------------
23046 |Info:    ------------------------------------------------------
23046 |Info:    |              Detecting other devices               |
23046 |Info:    ------------------------------------------------------
23046 |Info:    [ResourceManager] Calling Post-detection callbacks
23046 |Info:    ------------------------------------------------------
23046 |Info:    |                Detection completed                 |
23046 |Info:    ------------------------------------------------------
