[2m2025-05-20T12:46:52.251012Z[0m [33m WARN[0m [2matac::app::files::theme[0m[2m:[0m No theme file found, using default
[2m2025-05-20T12:46:53.424155Z[0m [34mDEBUG[0m [2matac::tui::events[0m[2m:[0m Key pressed: j
[2m2025-05-20T12:46:53.945106Z[0m [34mDEBUG[0m [2matac::tui::events[0m[2m:[0m Key pressed: Enter
[2m2025-05-20T12:46:54.481788Z[0m [34mDEBUG[0m [2matac::tui::events[0m[2m:[0m Key pressed: j
[2m2025-05-20T12:46:54.854679Z[0m [34mDEBUG[0m [2matac::tui::events[0m[2m:[0m Key pressed: Enter
[2m2025-05-20T12:47:04.566990Z[0m [34mDEBUG[0m [2matac::tui::events[0m[2m:[0m Key pressed: j
[2m2025-05-20T12:47:05.064538Z[0m [34mDEBUG[0m [2matac::tui::events[0m[2m:[0m Key pressed: Enter
[2m2025-05-20T12:47:05.939677Z[0m [34mDEBUG[0m [2matac::tui::events[0m[2m:[0m Key pressed: k
[2m2025-05-20T12:47:06.115700Z[0m [34mDEBUG[0m [2matac::tui::events[0m[2m:[0m Key pressed: k
[2m2025-05-20T12:47:06.811820Z[0m [34mDEBUG[0m [2matac::tui::events[0m[2m:[0m Key pressed: Esc
[2m2025-05-20T12:47:06.990776Z[0m [34mDEBUG[0m [2matac::tui::events[0m[2m:[0m Key pressed: Esc
[2m2025-05-20T12:47:09.339124Z[0m [34mDEBUG[0m [2matac::tui::events[0m[2m:[0m Key pressed: j
[2m2025-05-20T12:47:09.488696Z[0m [34mDEBUG[0m [2matac::tui::events[0m[2m:[0m Key pressed: k
[2m2025-05-20T12:47:09.685428Z[0m [34mDEBUG[0m [2matac::tui::events[0m[2m:[0m Key pressed: k
[2m2025-05-20T12:47:09.997194Z[0m [34mDEBUG[0m [2matac::tui::events[0m[2m:[0m Key pressed: j
[2m2025-05-20T12:47:11.655396Z[0m [34mDEBUG[0m [2matac::tui::events[0m[2m:[0m Key pressed: Shift-n
[2m2025-05-20T12:47:14.692104Z[0m [34mDEBUG[0m [2matac::tui::events[0m[2m:[0m Key pressed: l
[2m2025-05-20T12:47:15.402701Z[0m [34mDEBUG[0m [2matac::tui::events[0m[2m:[0m Key pressed: Enter
[2m2025-05-20T12:47:18.029441Z[0m [34mDEBUG[0m [2matac::tui::events[0m[2m:[0m Key pressed: g
[2m2025-05-20T12:47:18.218604Z[0m [34mDEBUG[0m [2matac::tui::events[0m[2m:[0m Key pressed: e
[2m2025-05-20T12:47:18.334466Z[0m [34mDEBUG[0m [2matac::tui::events[0m[2m:[0m Key pressed: t
[2m2025-05-20T12:47:19.505442Z[0m [32m INFO[0m [2matac::app::business_logic::collection[0m[2m:[0m Request "get" created in collection "ToDoMERN"
[2m2025-05-20T12:47:19.505842Z[0m [32m INFO[0m [2matac::app::files::collection[0m[2m:[0m Saving collection "ToDoMERN"
[2m2025-05-20T12:47:19.507064Z[0m [34mDEBUG[0m [2matac::tui::events[0m[2m:[0m Key pressed: Enter
[2m2025-05-20T12:47:20.307608Z[0m [34mDEBUG[0m [2matac::tui::events[0m[2m:[0m Key pressed: j
[2m2025-05-20T12:47:22.895456Z[0m [34mDEBUG[0m [2matac::tui::events[0m[2m:[0m Key pressed: Enter
[2m2025-05-20T12:47:23.875995Z[0m [34mDEBUG[0m [2matac::tui::events[0m[2m:[0m Key pressed: Space
[2m2025-05-20T12:47:23.876378Z[0m [34mDEBUG[0m [2matac::tui::events[0m[2m:[0m Key pressed: Shift-t
[2m2025-05-20T12:47:23.878005Z[0m [32m INFO[0m [2matac::app::business_logic::request::query_params[0m[2m:[0m Key "param" with value "value" added to the query params
[2m2025-05-20T12:47:23.878017Z[0m [32m INFO[0m [2matac::app::files::collection[0m[2m:[0m Saving collection "ToDoMERN"
[2m2025-05-20T12:47:23.878306Z[0m [34mDEBUG[0m [2matac::tui::events[0m[2m:[0m Key pressed: Shift-n
[2m2025-05-20T12:47:23.880416Z[0m [34mDEBUG[0m [2matac::tui::events[0m[2m:[0m Key pressed: t
[2m2025-05-20T12:47:23.882066Z[0m [34mDEBUG[0m [2matac::tui::events[0m[2m:[0m Key pressed: t
[2m2025-05-20T12:47:23.882615Z[0m [34mDEBUG[0m [2matac::tui::events[0m[2m:[0m Key pressed: Enter
[2m2025-05-20T12:47:25.475855Z[0m [34mDEBUG[0m [2matac::tui::events[0m[2m:[0m Key pressed: k
[2m2025-05-20T12:47:26.208246Z[0m [34mDEBUG[0m [2matac::tui::events[0m[2m:[0m Key pressed: Backspace
[2m2025-05-20T12:47:26.458902Z[0m [34mDEBUG[0m [2matac::tui::events[0m[2m:[0m Key pressed: Backspace
[2m2025-05-20T12:47:26.498772Z[0m [34mDEBUG[0m [2matac::tui::events[0m[2m:[0m Key pressed: Backspace
[2m2025-05-20T12:47:26.525410Z[0m [34mDEBUG[0m [2matac::tui::events[0m[2m:[0m Key pressed: Backspace
[2m2025-05-20T12:47:26.560861Z[0m [34mDEBUG[0m [2matac::tui::events[0m[2m:[0m Key pressed: Backspace
[2m2025-05-20T12:47:26.592217Z[0m [34mDEBUG[0m [2matac::tui::events[0m[2m:[0m Key pressed: Backspace
[2m2025-05-20T12:47:26.628412Z[0m [34mDEBUG[0m [2matac::tui::events[0m[2m:[0m Key pressed: Backspace
[2m2025-05-20T12:47:26.658530Z[0m [34mDEBUG[0m [2matac::tui::events[0m[2m:[0m Key pressed: Backspace
[2m2025-05-20T12:47:26.697596Z[0m [34mDEBUG[0m [2matac::tui::events[0m[2m:[0m Key pressed: Backspace
[2m2025-05-20T12:47:26.726419Z[0m [34mDEBUG[0m [2matac::tui::events[0m[2m:[0m Key pressed: Backspace
[2m2025-05-20T12:47:26.764732Z[0m [34mDEBUG[0m [2matac::tui::events[0m[2m:[0m Key pressed: Backspace
[2m2025-05-20T12:47:26.794739Z[0m [34mDEBUG[0m [2matac::tui::events[0m[2m:[0m Key pressed: Backspace
[2m2025-05-20T12:47:26.827859Z[0m [34mDEBUG[0m [2matac::tui::events[0m[2m:[0m Key pressed: Backspace
[2m2025-05-20T12:47:26.861858Z[0m [34mDEBUG[0m [2matac::tui::events[0m[2m:[0m Key pressed: Backspace
[2m2025-05-20T12:47:26.898203Z[0m [34mDEBUG[0m [2matac::tui::events[0m[2m:[0m Key pressed: Backspace
[2m2025-05-20T12:47:26.929337Z[0m [34mDEBUG[0m [2matac::tui::events[0m[2m:[0m Key pressed: Backspace
[2m2025-05-20T12:47:26.964202Z[0m [34mDEBUG[0m [2matac::tui::events[0m[2m:[0m Key pressed: Backspace
[2m2025-05-20T12:47:26.996848Z[0m [34mDEBUG[0m [2matac::tui::events[0m[2m:[0m Key pressed: Backspace
[2m2025-05-20T12:47:27.031709Z[0m [34mDEBUG[0m [2matac::tui::events[0m[2m:[0m Key pressed: Backspace
[2m2025-05-20T12:47:27.069595Z[0m [34mDEBUG[0m [2matac::tui::events[0m[2m:[0m Key pressed: Backspace
[2m2025-05-20T12:47:27.099173Z[0m [34mDEBUG[0m [2matac::tui::events[0m[2m:[0m Key pressed: Backspace
[2m2025-05-20T12:47:27.133179Z[0m [34mDEBUG[0m [2matac::tui::events[0m[2m:[0m Key pressed: Backspace
[2m2025-05-20T12:47:27.163976Z[0m [34mDEBUG[0m [2matac::tui::events[0m[2m:[0m Key pressed: Backspace
[2m2025-05-20T12:47:27.197060Z[0m [34mDEBUG[0m [2matac::tui::events[0m[2m:[0m Key pressed: Backspace
[2m2025-05-20T12:47:27.232188Z[0m [34mDEBUG[0m [2matac::tui::events[0m[2m:[0m Key pressed: Backspace
[2m2025-05-20T12:47:27.796461Z[0m [34mDEBUG[0m [2matac::tui::events[0m[2m:[0m Key pressed: Esc
[2m2025-05-20T12:47:27.962170Z[0m [34mDEBUG[0m [2matac::tui::events[0m[2m:[0m Key pressed: Esc
[2m2025-05-20T12:47:29.123116Z[0m [34mDEBUG[0m [2matac::tui::events[0m[2m:[0m Key pressed: j
[2m2025-05-20T12:47:29.783230Z[0m [34mDEBUG[0m [2matac::tui::events[0m[2m:[0m Key pressed: j
[2m2025-05-20T12:47:30.040199Z[0m [34mDEBUG[0m [2matac::tui::events[0m[2m:[0m Key pressed: k
[2m2025-05-20T12:47:30.549048Z[0m [34mDEBUG[0m [2matac::tui::events[0m[2m:[0m Key pressed: j
[2m2025-05-20T12:47:32.287411Z[0m [34mDEBUG[0m [2matac::tui::events[0m[2m:[0m Key pressed: Shift-n
[2m2025-05-20T12:47:32.293234Z[0m [34mDEBUG[0m [2matac::tui::events[0m[2m:[0m Key pressed: Enter
[2m2025-05-20T12:47:33.099491Z[0m [34mDEBUG[0m [2matac::tui::events[0m[2m:[0m Key pressed: Esc
[2m2025-05-20T12:47:34.242922Z[0m [34mDEBUG[0m [2matac::tui::events[0m[2m:[0m Key pressed: Shift-n
[2m2025-05-20T12:47:34.249270Z[0m [34mDEBUG[0m [2matac::tui::events[0m[2m:[0m Key pressed: Enter
[2m2025-05-20T12:47:34.906389Z[0m [34mDEBUG[0m [2matac::tui::events[0m[2m:[0m Key pressed: Esc
[2m2025-05-20T12:47:35.502115Z[0m [34mDEBUG[0m [2matac::tui::events[0m[2m:[0m Key pressed: q
